-------------------------------------------------------------------------------
Test set: com.epam.service.ScheduledDateValidationUsingMockitoTest
-------------------------------------------------------------------------------
Tests run: 4, Failures: 1, Errors: 0, Skipped: 0, Time elapsed: 0.337 s <<< FAILURE! - in com.epam.service.ScheduledDateValidationUsingMockitoTest
testScheduleDateWithZeroDose  Time elapsed: 0.047 s  <<< FAILURE!
org.opentest4j.AssertionFailedError: expected: <true> but was: <false>
	at com.epam.service.ScheduledDateValidationUsingMockitoTest.testScheduleDateWithZeroDose(ScheduledDateValidationUsingMockitoTest.java:108)

